#
# A fatal error has been detected by the Java Runtime Environment:
#
#  EXCEPTION_ACCESS_VIOLATION (0xc0000005) at pc=0x000001accc151066, pid=20056, tid=0x0000000000004a9c
#
# JRE version: OpenJDK Runtime Environment (8.0_362-b09) (build 1.8.0_362-b09)
# Java VM: OpenJDK 64-Bit Server VM (25.362-b09 mixed mode windows-amd64 compressed oops)
# Problematic frame:
# C  [OpenAL64.dll+0x11066]
#
# Failed to write core dump. Minidumps are not enabled by default on client versions of Windows
#
# If you would like to submit a bug report, please visit:
#   https://github.com/adoptium/adoptium-support/issues
# The crash happened outside the Java Virtual Machine in native code.
# See problematic frame for where to report the bug.
#

---------------  T H R E A D  ---------------

Current thread (0x000001acaa2bc000):  JavaThread "main" [_thread_in_native, id=19100, stack(0x00000065b8300000,0x00000065b8400000)]

siginfo: ExceptionCode=0xc0000005, reading address 0x000001acc8780004

Registers:
RAX=0x0000000000000004, RBX=0x000001accc350090, RCX=0x000001acc8780008, RDX=0x000001acc8780004
RSP=0x00000065b83fc800, RBP=0x00000000000000ff, RSI=0x000001acc877ffec, RDI=0x0000000000000000
R8 =0x0000000000000006, R9 =0x000001acc877ffec, R10=0x000001acabd59622, R11=0x0000000072ed8c80
R12=0x0000000000000001, R13=0x000001accbcec400, R14=0x00000065b83fc9a0, R15=0x000001acaa2bc000
RIP=0x000001accc151066, EFLAGS=0x0000000000010202

Top of Stack: (sp=0x00000065b83fc800)
0x00000065b83fc800:   0000000000000000 000001acaa2bc000
0x00000065b83fc810:   00000065b83fc9a0 000001accbcec400
0x00000065b83fc820:   000001accbcec400 0000000000000000
0x00000065b83fc830:   000001acaa2bc000 0000000000000000
0x00000065b83fc840:   00000065b83fc968 0000000072d6f1eb
0x00000065b83fc850:   00000065b83fc880 000001acabd9a2d3
0x00000065b83fc860:   000001acaa276800 000001acaa2bcb50
0x00000065b83fc870:   000001acaa2bc000 00000065b83fc9a0
0x00000065b83fc880:   000001accbcec400 0000000000000000
0x00000065b83fc890:   000001acc877ffec 0000000000000248
0x00000065b83fc8a0:   00000065b83fc968 000001accc15248f
0x00000065b83fc8b0:   000001accc350090 000001accc350090
0x00000065b83fc8c0:   000001ac0000ac44 000001ac00000004
0x00000065b83fc8d0:   000001acabd47bd0 000001acabd5964e
0x00000065b83fc8e0:   000001accbcec400 0000000000000248
0x00000065b83fc8f0:   000001acabd47bd0 000001acabd5935b 

Instructions: (pc=0x000001accc151066)
0x000001accc151046:   41 2b ec 81 3a 03 00 02 00 75 09 8b 01 89 84 24
0x000001accc151056:   c8 00 00 00 49 83 c0 02 48 83 c1 08 4a 8d 14 86
0x000001accc151066:   39 3a 75 af 4c 8d 84 24 c0 00 00 00 48 8d 15 d7
0x000001accc151076:   2b 03 00 33 c9 e8 58 5f 00 00 b8 40 1f 00 00 4c 


Register to memory mapping:

RAX=0x0000000000000004 is an unknown value
RBX=0x000001accc350090 is an unknown value
RCX=0x000001acc8780008 is an unknown value
RDX=0x000001acc8780004 is an unknown value
RSP=0x00000065b83fc800 is pointing into the stack for thread: 0x000001acaa2bc000
RBP=0x00000000000000ff is an unknown value
RSI=0x000001acc877ffec is an unknown value
RDI=0x0000000000000000 is an unknown value
R8 =0x0000000000000006 is an unknown value
R9 =0x000001acc877ffec is an unknown value
R10=0x000001acabd59622 is at code_begin+962 in an Interpreter codelet
method entry point (kind = native)  [0x000001acabd59260, 0x000001acabd59d00]  2720 bytes
R11=0x0000000072ed8c80 is an unknown value
R12=0x0000000000000001 is an unknown value
R13={method} {0x000001accbcec408} 'nalcCreateContext' '(JJ)J' in 'org/lwjgl/openal/ALC10'
R14=0x00000065b83fc9a0 is pointing into the stack for thread: 0x000001acaa2bc000
R15=0x000001acaa2bc000 is a thread


Stack: [0x00000065b8300000,0x00000065b8400000],  sp=0x00000065b83fc800,  free space=1010k
Native frames: (J=compiled Java code, j=interpreted, Vv=VM code, C=native code)
C  [OpenAL64.dll+0x11066]
C  [OpenAL64.dll+0x1248f]
C  0x000001acabd5964e

Java frames: (J=compiled Java code, j=interpreted, Vv=VM code)
j  org.lwjgl.openal.ALC10.nalcCreateContext(JJ)J+0
j  org.lwjgl.openal.ALC10.alcCreateContext(Lorg/lwjgl/openal/ALCdevice;Ljava/nio/IntBuffer;)Lorg/lwjgl/openal/ALCcontext;+8
j  org.lwjgl.openal.AL.init(Ljava/lang/String;IIZZ)V+69
j  org.lwjgl.openal.AL.create(Ljava/lang/String;IIZZ)V+246
j  org.lwjgl.openal.AL.create(Ljava/lang/String;IIZ)V+5
j  org.lwjgl.openal.AL.create()V+6
j  com.badlogic.gdx.backends.lwjgl.audio.OpenALAudio.<init>(III)V+114
j  com.badlogic.gdx.backends.lwjgl.LwjglApplication.<init>(Lcom/badlogic/gdx/ApplicationListener;Lcom/badlogic/gdx/backends/lwjgl/LwjglApplicationConfiguration;Lcom/badlogic/gdx/backends/lwjgl/LwjglGraphics;)V+120
j  com.badlogic.gdx.backends.lwjgl.LwjglApplication.<init>(Lcom/badlogic/gdx/ApplicationListener;Lcom/badlogic/gdx/backends/lwjgl/LwjglApplicationConfiguration;)V+11
j  org.uqbar.project.wollok.game.gameboard.WollokGDXApplication.<init>(Lorg/uqbar/project/wollok/game/gameboard/Gameboard;Ljava/lang/Boolean;)V+17
j  org.uqbar.project.wollok.game.helpers.Application.start(Lorg/uqbar/project/wollok/game/gameboard/Gameboard;Ljava/lang/Boolean;)V+5
j  org.uqbar.project.wollok.game.gameboard.Gameboard.start(Ljava/lang/Boolean;)V+13
j  wollok.game.GameObject.doStart(Ljava/lang/Boolean;)V+12
v  ~StubRoutines::call_stub
J 3337  sun.reflect.NativeMethodAccessorImpl.invoke0(Ljava/lang/reflect/Method;Ljava/lang/Object;[Ljava/lang/Object;)Ljava/lang/Object; (0 bytes) @ 0x000001acac73dcbf [0x000001acac73dc40+0x7f]
J 3336 C1 sun.reflect.NativeMethodAccessorImpl.invoke(Ljava/lang/Object;[Ljava/lang/Object;)Ljava/lang/Object; (104 bytes) @ 0x000001acac73e4d4 [0x000001acac73e0e0+0x3f4]
J 2665 C1 sun.reflect.DelegatingMethodAccessorImpl.invoke(Ljava/lang/Object;[Ljava/lang/Object;)Ljava/lang/Object; (10 bytes) @ 0x000001acac5bfb4c [0x000001acac5bfa40+0x10c]
J 2664 C1 java.lang.reflect.Method.invoke(Ljava/lang/Object;[Ljava/lang/Object;)Ljava/lang/Object; (62 bytes) @ 0x000001acac5bdff4 [0x000001acac5bdc00+0x3f4]
j  org.uqbar.project.wollok.ui.utils.XTendUtilExtensions.invokeConvertingArgs(Ljava/lang/reflect/Method;Ljava/lang/Object;[Ljava/lang/Object;)Lorg/uqbar/project/wollok/interpreter/core/WollokObject;+261
j  org.uqbar.project.wollok.interpreter.AbstractWollokCallable._invokeNative(Ljava/lang/Object;Ljava/lang/String;[Lorg/uqbar/project/wollok/interpreter/core/WollokObject;)Lorg/uqbar/project/wollok/interpreter/core/WollokObject;+41
j  org.uqbar.project.wollok.interpreter.AbstractWollokCallable.invokeNative(Ljava/lang/Object;Ljava/lang/String;[Lorg/uqbar/project/wollok/interpreter/core/WollokObject;)Lorg/uqbar/project/wollok/interpreter/core/WollokObject;+26
j  org.uqbar.project.wollok.interpreter.AbstractWollokCallable$1.apply()Lorg/uqbar/project/wollok/interpreter/core/WollokObject;+55
j  org.uqbar.project.wollok.interpreter.AbstractWollokCallable$1.apply()Ljava/lang/Object;+1
j  org.uqbar.project.wollok.interpreter.threads.WThread.performOnStack(Lorg/eclipse/emf/ecore/EObject;Lorg/uqbar/project/wollok/interpreter/context/EvaluationContext;Lorg/eclipse/xtext/xbase/lib/Functions$Function0;)Lorg/uqbar/project/wollok/interpreter/core/WollokObject;+29
j  org.uqbar.project.wollok.interpreter.WollokInterpreter.performOnStack(Lorg/eclipse/emf/ecore/EObject;Lorg/uqbar/project/wollok/interpreter/context/EvaluationContext;Lorg/eclipse/xtext/xbase/lib/Functions$Function0;)Lorg/uqbar/project/wollok/interpreter/core/WollokObject;+7
j  org.uqbar.project.wollok.interpreter.AbstractWollokCallable.call(Lorg/uqbar/project/wollok/wollokDsl/WMethodDeclaration;[Lorg/uqbar/project/wollok/interpreter/core/WollokObject;)Lorg/uqbar/project/wollok/interpreter/core/WollokObject;+38
j  org.uqbar.project.wollok.interpreter.core.WollokObject.call(Ljava/lang/String;[Lorg/uqbar/project/wollok/interpreter/core/WollokObject;)Lorg/uqbar/project/wollok/interpreter/core/WollokObject;+55
j  org.uqbar.project.wollok.interpreter.WollokInterpreterEvaluator._evaluate(Lorg/uqbar/project/wollok/wollokDsl/WFeatureCall;)Lorg/uqbar/project/wollok/interpreter/core/WollokObject;+119
j  org.uqbar.project.wollok.launch.WollokLauncherInterpreterEvaluator.evaluate(Lorg/eclipse/emf/ecore/EObject;)Lorg/uqbar/project/wollok/interpreter/core/WollokObject;+412
j  org.uqbar.project.wollok.interpreter.WollokInterpreterEvaluator.evaluate(Lorg/eclipse/emf/ecore/EObject;)Ljava/lang/Object;+2
j  org.uqbar.project.wollok.interpreter.WollokInterpreter.eval(Lorg/eclipse/emf/ecore/EObject;)Lorg/uqbar/project/wollok/interpreter/core/WollokObject;+63
j  org.uqbar.project.wollok.interpreter.WollokInterpreterEvaluator.eval(Lorg/eclipse/emf/ecore/EObject;)Lorg/uqbar/project/wollok/interpreter/core/WollokObject;+5
j  org.uqbar.project.wollok.interpreter.WollokInterpreterEvaluator$1.apply(Lorg/uqbar/project/wollok/interpreter/core/WollokObject;Lorg/eclipse/emf/ecore/EObject;)Lorg/uqbar/project/wollok/interpreter/core/WollokObject;+5
j  org.uqbar.project.wollok.interpreter.WollokInterpreterEvaluator$1.apply(Ljava/lang/Object;Ljava/lang/Object;)Ljava/lang/Object;+9
j  org.eclipse.xtext.xbase.lib.IteratorExtensions.fold(Ljava/util/Iterator;Ljava/lang/Object;Lorg/eclipse/xtext/xbase/lib/Functions$Function2;)Ljava/lang/Object;+19
j  org.eclipse.xtext.xbase.lib.IterableExtensions.fold(Ljava/lang/Iterable;Ljava/lang/Object;Lorg/eclipse/xtext/xbase/lib/Functions$Function2;)Ljava/lang/Object;+8
j  org.uqbar.project.wollok.interpreter.WollokInterpreterEvaluator.evalAll(Ljava/lang/Iterable;)Lorg/uqbar/project/wollok/interpreter/core/WollokObject;+12
j  org.uqbar.project.wollok.interpreter.WollokInterpreterEvaluator._evaluate(Lorg/uqbar/project/wollok/wollokDsl/WBlockExpression;)Lorg/uqbar/project/wollok/interpreter/core/WollokObject;+34
j  org.uqbar.project.wollok.launch.WollokLauncherInterpreterEvaluator.evaluate(Lorg/eclipse/emf/ecore/EObject;)Lorg/uqbar/project/wollok/interpreter/core/WollokObject;+76
j  org.uqbar.project.wollok.interpreter.WollokInterpreterEvaluator.evaluate(Lorg/eclipse/emf/ecore/EObject;)Ljava/lang/Object;+2
j  org.uqbar.project.wollok.interpreter.WollokInterpreter.eval(Lorg/eclipse/emf/ecore/EObject;)Lorg/uqbar/project/wollok/interpreter/core/WollokObject;+63
j  org.uqbar.project.wollok.interpreter.AbstractWollokCallable.eval(Lorg/eclipse/emf/ecore/EObject;)Lorg/uqbar/project/wollok/interpreter/core/WollokObject;+5
j  org.uqbar.project.wollok.interpreter.AbstractWollokCallable$1.apply()Lorg/uqbar/project/wollok/interpreter/core/WollokObject;+110
j  org.uqbar.project.wollok.interpreter.AbstractWollokCallable$1.apply()Ljava/lang/Object;+1
j  org.uqbar.project.wollok.interpreter.threads.WThread.performOnStack(Lorg/eclipse/emf/ecore/EObject;Lorg/uqbar/project/wollok/interpreter/context/EvaluationContext;Lorg/eclipse/xtext/xbase/lib/Functions$Function0;)Lorg/uqbar/project/wollok/interpreter/core/WollokObject;+29
j  org.uqbar.project.wollok.interpreter.WollokInterpreter.performOnStack(Lorg/eclipse/emf/ecore/EObject;Lorg/uqbar/project/wollok/interpreter/context/EvaluationContext;Lorg/eclipse/xtext/xbase/lib/Functions$Function0;)Lorg/uqbar/project/wollok/interpreter/core/WollokObject;+7
j  org.uqbar.project.wollok.interpreter.AbstractWollokCallable.call(Lorg/uqbar/project/wollok/wollokDsl/WMethodDeclaration;[Lorg/uqbar/project/wollok/interpreter/core/WollokObject;)Lorg/uqbar/project/wollok/interpreter/core/WollokObject;+38
j  org.uqbar.project.wollok.interpreter.core.WollokObject.call(Ljava/lang/String;[Lorg/uqbar/project/wollok/interpreter/core/WollokObject;)Lorg/uqbar/project/wollok/interpreter/core/WollokObject;+55
j  org.uqbar.project.wollok.interpreter.WollokInterpreterEvaluator._evaluate(Lorg/uqbar/project/wollok/wollokDsl/WFeatureCall;)Lorg/uqbar/project/wollok/interpreter/core/WollokObject;+119
j  org.uqbar.project.wollok.launch.WollokLauncherInterpreterEvaluator.evaluate(Lorg/eclipse/emf/ecore/EObject;)Lorg/uqbar/project/wollok/interpreter/core/WollokObject;+412
j  org.uqbar.project.wollok.interpreter.WollokInterpreterEvaluator.evaluate(Lorg/eclipse/emf/ecore/EObject;)Ljava/lang/Object;+2
j  org.uqbar.project.wollok.interpreter.WollokInterpreter.eval(Lorg/eclipse/emf/ecore/EObject;)Lorg/uqbar/project/wollok/interpreter/core/WollokObject;+63
j  org.uqbar.project.wollok.interpreter.WollokInterpreterEvaluator.eval(Lorg/eclipse/emf/ecore/EObject;)Lorg/uqbar/project/wollok/interpreter/core/WollokObject;+5
j  org.uqbar.project.wollok.interpreter.WollokInterpreterEvaluator$1.apply(Lorg/uqbar/project/wollok/interpreter/core/WollokObject;Lorg/eclipse/emf/ecore/EObject;)Lorg/uqbar/project/wollok/interpreter/core/WollokObject;+5
j  org.uqbar.project.wollok.interpreter.WollokInterpreterEvaluator$1.apply(Ljava/lang/Object;Ljava/lang/Object;)Ljava/lang/Object;+9
j  org.eclipse.xtext.xbase.lib.IteratorExtensions.fold(Ljava/util/Iterator;Ljava/lang/Object;Lorg/eclipse/xtext/xbase/lib/Functions$Function2;)Ljava/lang/Object;+19
j  org.eclipse.xtext.xbase.lib.IterableExtensions.fold(Ljava/lang/Iterable;Ljava/lang/Object;Lorg/eclipse/xtext/xbase/lib/Functions$Function2;)Ljava/lang/Object;+8
j  org.uqbar.project.wollok.interpreter.WollokInterpreterEvaluator.evalAll(Ljava/lang/Iterable;)Lorg/uqbar/project/wollok/interpreter/core/WollokObject;+12
j  org.uqbar.project.wollok.interpreter.WollokInterpreterEvaluator._evaluate(Lorg/uqbar/project/wollok/wollokDsl/WProgram;)Lorg/uqbar/project/wollok/interpreter/core/WollokObject;+18
j  org.uqbar.project.wollok.launch.WollokLauncherInterpreterEvaluator.evaluate(Lorg/eclipse/emf/ecore/EObject;)Lorg/uqbar/project/wollok/interpreter/core/WollokObject;+444
j  org.uqbar.project.wollok.interpreter.WollokInterpreterEvaluator.evaluate(Lorg/eclipse/emf/ecore/EObject;)Ljava/lang/Object;+2
j  org.uqbar.project.wollok.interpreter.WollokInterpreter.eval(Lorg/eclipse/emf/ecore/EObject;)Lorg/uqbar/project/wollok/interpreter/core/WollokObject;+63
j  org.uqbar.project.wollok.interpreter.WollokInterpreterEvaluator.eval(Lorg/eclipse/emf/ecore/EObject;)Lorg/uqbar/project/wollok/interpreter/core/WollokObject;+5
j  org.uqbar.project.wollok.launch.WollokLauncherInterpreterEvaluator._evaluate(Lorg/uqbar/project/wollok/wollokDsl/WFile;)Lorg/uqbar/project/wollok/interpreter/core/WollokObject;+32
j  org.uqbar.project.wollok.launch.WollokLauncherInterpreterEvaluator.evaluate(Lorg/eclipse/emf/ecore/EObject;)Lorg/uqbar/project/wollok/interpreter/core/WollokObject;+428
j  org.uqbar.project.wollok.interpreter.WollokInterpreterEvaluator.evaluate(Lorg/eclipse/emf/ecore/EObject;)Ljava/lang/Object;+2
j  org.uqbar.project.wollok.interpreter.WollokInterpreter.interpret(Lorg/eclipse/emf/ecore/EObject;Ljava/lang/Boolean;)Lorg/uqbar/project/wollok/interpreter/core/WollokObject;+25
j  org.uqbar.project.wollok.interpreter.WollokInterpreter.interpret(Lorg/eclipse/emf/ecore/EObject;)Lorg/uqbar/project/wollok/interpreter/core/WollokObject;+8
j  org.uqbar.project.wollok.launch.WollokLauncher.doSomething(Lorg/uqbar/project/wollok/wollokDsl/WFile;Lcom/google/inject/Injector;Ljava/io/File;Lorg/uqbar/project/wollok/launch/WollokLauncherParameters;)V+109
j  org.uqbar.project.wollok.launch.WollokChecker.launch(Ljava/lang/String;Lorg/uqbar/project/wollok/launch/WollokLauncherParameters;)V+31
j  org.uqbar.project.wollok.launch.WollokChecker.doMain([Ljava/lang/String;)V+205
j  org.uqbar.project.wollok.launch.WollokLauncher.main([Ljava/lang/String;)V+8
v  ~StubRoutines::call_stub

---------------  P R O C E S S  ---------------

Java Threads: ( => current thread )
  0x000001acc821d000 JavaThread "com.google.inject.internal.util.$Finalizer" daemon [_thread_blocked, id=18416, stack(0x00000065b9a00000,0x00000065b9b00000)]
  0x000001acc8224800 JavaThread "EMF Reference Cleaner" daemon [_thread_blocked, id=20268, stack(0x00000065b9900000,0x00000065b9a00000)]
  0x000001acc75a9800 JavaThread "Service Thread" daemon [_thread_blocked, id=14496, stack(0x00000065b9700000,0x00000065b9800000)]
  0x000001acc509c800 JavaThread "C1 CompilerThread3" daemon [_thread_blocked, id=21128, stack(0x00000065b9600000,0x00000065b9700000)]
  0x000001acc508e000 JavaThread "C2 CompilerThread2" daemon [_thread_blocked, id=1500, stack(0x00000065b9500000,0x00000065b9600000)]
  0x000001acc5084800 JavaThread "C2 CompilerThread1" daemon [_thread_blocked, id=16712, stack(0x00000065b9400000,0x00000065b9500000)]
  0x000001acc508a800 JavaThread "C2 CompilerThread0" daemon [_thread_blocked, id=1236, stack(0x00000065b9300000,0x00000065b9400000)]
  0x000001acc507f000 JavaThread "Attach Listener" daemon [_thread_blocked, id=18920, stack(0x00000065b9200000,0x00000065b9300000)]
  0x000001acc507e000 JavaThread "Signal Dispatcher" daemon [_thread_blocked, id=14580, stack(0x00000065b9100000,0x00000065b9200000)]
  0x000001acc5053000 JavaThread "Finalizer" daemon [_thread_blocked, id=17092, stack(0x00000065b9000000,0x00000065b9100000)]
  0x000001acc504c800 JavaThread "Reference Handler" daemon [_thread_blocked, id=13924, stack(0x00000065b8f00000,0x00000065b9000000)]
=>0x000001acaa2bc000 JavaThread "main" [_thread_in_native, id=19100, stack(0x00000065b8300000,0x00000065b8400000)]

Other Threads:
  0x000001acc5022800 VMThread [stack: 0x00000065b8e00000,0x00000065b8f00000] [id=20556]
  0x000001acc75ab000 WatcherThread [stack: 0x00000065b9800000,0x00000065b9900000] [id=19764]

VM state:not at safepoint (normal execution)

VM Mutex/Monitor currently owned by a thread: None

heap address: 0x00000006c1600000, size: 4074 MB, Compressed Oops mode: Zero based, Oop shift amount: 3
Narrow klass base: 0x0000000000000000, Narrow klass shift: 3
Compressed class space size: 1073741824 Address: 0x00000007c0000000

Heap:
 PSYoungGen      total 141824K, used 18890K [0x000000076b200000, 0x000000077c700000, 0x00000007c0000000)
  eden space 131072K, 14% used [0x000000076b200000,0x000000076c472978,0x0000000773200000)
  from space 10752K, 0% used [0x0000000773200000,0x0000000773200000,0x0000000773c80000)
  to   space 10752K, 0% used [0x000000077bc80000,0x000000077bc80000,0x000000077c700000)
 ParOldGen       total 128512K, used 18120K [0x00000006c1600000, 0x00000006c9380000, 0x000000076b200000)
  object space 128512K, 14% used [0x00000006c1600000,0x00000006c27b2068,0x00000006c9380000)
 Metaspace       used 21988K, capacity 22278K, committed 22656K, reserved 1069056K
  class space    used 2766K, capacity 2865K, committed 2944K, reserved 1048576K

Card table byte_map: [0x000001acbb100000,0x000001acbb900000] byte_map_base: 0x000001acb7af5000

Marking Bits: (ParMarkBitMap*) 0x00000000734af7f0
 Begin Bits: [0x000001acbbe50000, 0x000001acbfdf8000)
 End Bits:   [0x000001acbfdf8000, 0x000001acc3da0000)

Polling page: 0x000001acaa480000

CodeCache: size=245760Kb used=10685Kb max_used=10685Kb free=235075Kb
 bounds [0x000001acabd40000, 0x000001acac7c0000, 0x000001acbad40000]
 total_blobs=3870 nmethods=3418 adapters=364
 compilation: enabled

Compilation events (10 events):
Event: 1.801 Thread 0x000001acc509c800 3413       3       java.nio.DirectByteBuffer::put (18 bytes)
Event: 1.801 Thread 0x000001acc509c800 nmethod 3413 0x000001acac7b2950 code [0x000001acac7b2ac0, 0x000001acac7b2d38]
Event: 1.801 Thread 0x000001acc509c800 3414       3       java.nio.DirectByteBuffer::ix (10 bytes)
Event: 1.801 Thread 0x000001acc509c800 nmethod 3414 0x000001acac7b2610 code [0x000001acac7b2760, 0x000001acac7b28b8]
Event: 1.802 Thread 0x000001acc509c800 3416       3       java.nio.DirectByteBuffer::put (18 bytes)
Event: 1.802 Thread 0x000001acc509c800 nmethod 3416 0x000001acac7b2110 code [0x000001acac7b2280, 0x000001acac7b24f8]
Event: 1.802 Thread 0x000001acc509c800 3417       1       java.nio.DirectByteBuffer::ix (10 bytes)
Event: 1.802 Thread 0x000001acc509c800 nmethod 3417 0x000001acac7b1e50 code [0x000001acac7b1fa0, 0x000001acac7b20b8]
Event: 1.809 Thread 0x000001acc509c800 3418 %     3       java.io.WinNTFileSystem::normalize @ 22 (143 bytes)
Event: 1.809 Thread 0x000001acc509c800 nmethod 3418% 0x000001acac7b7150 code [0x000001acac7b7340, 0x000001acac7b7c30]

GC Heap History (8 events):
Event: 0.577 GC heap before
{Heap before GC invocations=1 (full 0):
 PSYoungGen      total 76288K, used 65536K [0x000000076b200000, 0x0000000770700000, 0x00000007c0000000)
  eden space 65536K, 100% used [0x000000076b200000,0x000000076f200000,0x000000076f200000)
  from space 10752K, 0% used [0x000000076fc80000,0x000000076fc80000,0x0000000770700000)
  to   space 10752K, 0% used [0x000000076f200000,0x000000076f200000,0x000000076fc80000)
 ParOldGen       total 175104K, used 0K [0x00000006c1600000, 0x00000006cc100000, 0x000000076b200000)
  object space 175104K, 0% used [0x00000006c1600000,0x00000006c1600000,0x00000006cc100000)
 Metaspace       used 10023K, capacity 10188K, committed 10368K, reserved 1058816K
  class space    used 1195K, capacity 1288K, committed 1408K, reserved 1048576K
Event: 0.584 GC heap after
Heap after GC invocations=1 (full 0):
 PSYoungGen      total 76288K, used 10726K [0x000000076b200000, 0x0000000774700000, 0x00000007c0000000)
  eden space 65536K, 0% used [0x000000076b200000,0x000000076b200000,0x000000076f200000)
  from space 10752K, 99% used [0x000000076f200000,0x000000076fc79a10,0x000000076fc80000)
  to   space 10752K, 0% used [0x0000000773c80000,0x0000000773c80000,0x0000000774700000)
 ParOldGen       total 175104K, used 3739K [0x00000006c1600000, 0x00000006cc100000, 0x000000076b200000)
  object space 175104K, 2% used [0x00000006c1600000,0x00000006c19a6d20,0x00000006cc100000)
 Metaspace       used 10023K, capacity 10188K, committed 10368K, reserved 1058816K
  class space    used 1195K, capacity 1288K, committed 1408K, reserved 1048576K
}
Event: 1.086 GC heap before
{Heap before GC invocations=2 (full 0):
 PSYoungGen      total 76288K, used 76262K [0x000000076b200000, 0x0000000774700000, 0x00000007c0000000)
  eden space 65536K, 100% used [0x000000076b200000,0x000000076f200000,0x000000076f200000)
  from space 10752K, 99% used [0x000000076f200000,0x000000076fc79a10,0x000000076fc80000)
  to   space 10752K, 0% used [0x0000000773c80000,0x0000000773c80000,0x0000000774700000)
 ParOldGen       total 175104K, used 3739K [0x00000006c1600000, 0x00000006cc100000, 0x000000076b200000)
  object space 175104K, 2% used [0x00000006c1600000,0x00000006c19a6d20,0x00000006cc100000)
 Metaspace       used 17332K, capacity 17582K, committed 17920K, reserved 1064960K
  class space    used 2215K, capacity 2291K, committed 2304K, reserved 1048576K
Event: 1.097 GC heap after
Heap after GC invocations=2 (full 0):
 PSYoungGen      total 141824K, used 10727K [0x000000076b200000, 0x0000000774700000, 0x00000007c0000000)
  eden space 131072K, 0% used [0x000000076b200000,0x000000076b200000,0x0000000773200000)
  from space 10752K, 99% used [0x0000000773c80000,0x00000007746f9f08,0x0000000774700000)
  to   space 10752K, 0% used [0x0000000773200000,0x0000000773200000,0x0000000773c80000)
 ParOldGen       total 175104K, used 11728K [0x00000006c1600000, 0x00000006cc100000, 0x000000076b200000)
  object space 175104K, 6% used [0x00000006c1600000,0x00000006c21740d0,0x00000006cc100000)
 Metaspace       used 17332K, capacity 17582K, committed 17920K, reserved 1064960K
  class space    used 2215K, capacity 2291K, committed 2304K, reserved 1048576K
}
Event: 1.592 GC heap before
{Heap before GC invocations=3 (full 0):
 PSYoungGen      total 141824K, used 58049K [0x000000076b200000, 0x0000000774700000, 0x00000007c0000000)
  eden space 131072K, 36% used [0x000000076b200000,0x000000076e0366d0,0x0000000773200000)
  from space 10752K, 99% used [0x0000000773c80000,0x00000007746f9f08,0x0000000774700000)
  to   space 10752K, 0% used [0x0000000773200000,0x0000000773200000,0x0000000773c80000)
 ParOldGen       total 175104K, used 11728K [0x00000006c1600000, 0x00000006cc100000, 0x000000076b200000)
  object space 175104K, 6% used [0x00000006c1600000,0x00000006c21740d0,0x00000006cc100000)
 Metaspace       used 20845K, capacity 21108K, committed 21248K, reserved 1067008K
  class space    used 2645K, capacity 2734K, committed 2816K, reserved 1048576K
Event: 1.601 GC heap after
Heap after GC invocations=3 (full 0):
 PSYoungGen      total 141824K, used 10749K [0x000000076b200000, 0x000000077c700000, 0x00000007c0000000)
  eden space 131072K, 0% used [0x000000076b200000,0x000000076b200000,0x0000000773200000)
  from space 10752K, 99% used [0x0000000773200000,0x0000000773c7f788,0x0000000773c80000)
  to   space 10752K, 0% used [0x000000077bc80000,0x000000077bc80000,0x000000077c700000)
 ParOldGen       total 175104K, used 17971K [0x00000006c1600000, 0x00000006cc100000, 0x000000076b200000)
  object space 175104K, 10% used [0x00000006c1600000,0x00000006c278cc08,0x00000006cc100000)
 Metaspace       used 20845K, capacity 21108K, committed 21248K, reserved 1067008K
  class space    used 2645K, capacity 2734K, committed 2816K, reserved 1048576K
}
Event: 1.601 GC heap before
{Heap before GC invocations=4 (full 1):
 PSYoungGen      total 141824K, used 10749K [0x000000076b200000, 0x000000077c700000, 0x00000007c0000000)
  eden space 131072K, 0% used [0x000000076b200000,0x000000076b200000,0x0000000773200000)
  from space 10752K, 99% used [0x0000000773200000,0x0000000773c7f788,0x0000000773c80000)
  to   space 10752K, 0% used [0x000000077bc80000,0x000000077bc80000,0x000000077c700000)
 ParOldGen       total 175104K, used 17971K [0x00000006c1600000, 0x00000006cc100000, 0x000000076b200000)
  object space 175104K, 10% used [0x00000006c1600000,0x00000006c278cc08,0x00000006cc100000)
 Metaspace       used 20845K, capacity 21108K, committed 21248K, reserved 1067008K
  class space    used 2645K, capacity 2734K, committed 2816K, reserved 1048576K
Event: 1.634 GC heap after
Heap after GC invocations=4 (full 1):
 PSYoungGen      total 141824K, used 0K [0x000000076b200000, 0x000000077c700000, 0x00000007c0000000)
  eden space 131072K, 0% used [0x000000076b200000,0x000000076b200000,0x0000000773200000)
  from space 10752K, 0% used [0x0000000773200000,0x0000000773200000,0x0000000773c80000)
  to   space 10752K, 0% used [0x000000077bc80000,0x000000077bc80000,0x000000077c700000)
 ParOldGen       total 128512K, used 18120K [0x00000006c1600000, 0x00000006c9380000, 0x000000076b200000)
  object space 128512K, 14% used [0x00000006c1600000,0x00000006c27b2068,0x00000006c9380000)
 Metaspace       used 20845K, capacity 21108K, committed 21248K, reserved 1067008K
  class space    used 2645K, capacity 2734K, committed 2816K, reserved 1048576K
}

Deoptimization events (10 events):
Event: 1.511 Thread 0x000001acaa2bc000 Uncommon trap: reason=unstable_if action=reinterpret pc=0x000001acac5ff71c method=org.eclipse.emf.common.notify.impl.NotifierImpl.eAdapters()Lorg/eclipse/emf/common/util/EList; @ 4
Event: 1.512 Thread 0x000001acaa2bc000 Uncommon trap: reason=unstable_if action=reinterpret pc=0x000001acac55e364 method=org.eclipse.xtext.nodemodel.impl.InternalNodeModelUtils.computeLineBreaks(Ljava/lang/String;)[I @ 37
Event: 1.515 Thread 0x000001acaa2bc000 Uncommon trap: reason=unstable_if action=reinterpret pc=0x000001acac62fe14 method=org.eclipse.emf.common.notify.impl.BasicNotifierImpl$EAdapterList.getAdapterForType(Ljava/lang/Object;)Lorg/eclipse/emf/common/notify/Adapter; @ 50
Event: 1.518 Thread 0x000001acaa2bc000 Uncommon trap: reason=unstable_if action=reinterpret pc=0x000001acac624cb8 method=org.eclipse.emf.common.notify.impl.BasicNotifierImpl$EAdapterList.getAdapterForType(Ljava/lang/Object;)Lorg/eclipse/emf/common/notify/Adapter; @ 50
Event: 1.521 Thread 0x000001acaa2bc000 Uncommon trap: reason=unstable_if action=reinterpret pc=0x000001acac61daf8 method=org.eclipse.emf.common.notify.impl.BasicNotifierImpl$EAdapterList.getAdapterForType(Ljava/lang/Object;)Lorg/eclipse/emf/common/notify/Adapter; @ 50
Event: 1.528 Thread 0x000001acaa2bc000 Uncommon trap: reason=unstable_if action=reinterpret pc=0x000001acac5130b8 method=sun.nio.cs.UTF_8$Decoder.decodeArrayLoop(Ljava/nio/ByteBuffer;Ljava/nio/CharBuffer;)Ljava/nio/charset/CoderResult; @ 84
Event: 1.738 Thread 0x000001acaa2bc000 Uncommon trap: reason=unstable_if action=reinterpret pc=0x000001acac099c7c method=java.io.WinNTFileSystem.normalize(Ljava/lang/String;)Ljava/lang/String; @ 49
Event: 1.751 Thread 0x000001acaa2bc000 Uncommon trap: reason=predicate action=maybe_recompile pc=0x000001acac1ad5a4 method=java.lang.String.regionMatches(ZILjava/lang/String;II)Z @ 63
Event: 1.785 Thread 0x000001acaa2bc000 Uncommon trap: reason=unstable_if action=reinterpret pc=0x000001acabf8a11c method=java.lang.ThreadLocal$ThreadLocalMap.getEntry(Ljava/lang/ThreadLocal;)Ljava/lang/ThreadLocal$ThreadLocalMap$Entry; @ 29
Event: 1.785 Thread 0x000001acaa2bc000 Uncommon trap: reason=unstable_if action=reinterpret pc=0x000001acabf89cec method=java.lang.ThreadLocal$ThreadLocalMap.getEntry(Ljava/lang/ThreadLocal;)Ljava/lang/ThreadLocal$ThreadLocalMap$Entry; @ 29

Classes redefined (0 events):
No events

Internal exceptions (10 events):
Event: 1.360 Thread 0x000001acaa2bc000 Implicit null exception at 0x000001acac3bd6d0 to 0x000001acac3bd7bd
Event: 1.365 Thread 0x000001acaa2bc000 Implicit null exception at 0x000001acac48d9b0 to 0x000001acac48e79d
Event: 1.378 Thread 0x000001acaa2bc000 Exception <a 'java/io/FileNotFoundException'> (0x000000076c7856a8) thrown at [J:\jenkins\tmp\workspace\build\src\hotspot\src\share\vm\prims\jni.cpp, line 709]
Event: 1.391 Thread 0x000001acaa2bc000 Exception <a 'java/io/FileNotFoundException'> (0x000000076c891488) thrown at [J:\jenkins\tmp\workspace\build\src\hotspot\src\share\vm\prims\jni.cpp, line 709]
Event: 1.806 Thread 0x000001acaa2bc000 Exception <a 'java/security/PrivilegedActionException'> (0x000000076c2c3408) thrown at [J:\jenkins\tmp\workspace\build\src\hotspot\src\share\vm\prims\jvm.cpp, line 1514]
Event: 1.806 Thread 0x000001acaa2bc000 Exception <a 'java/security/PrivilegedActionException'> (0x000000076c2c4938) thrown at [J:\jenkins\tmp\workspace\build\src\hotspot\src\share\vm\prims\jvm.cpp, line 1514]
Event: 1.806 Thread 0x000001acaa2bc000 Exception <a 'java/security/PrivilegedActionException'> (0x000000076c2c5d68) thrown at [J:\jenkins\tmp\workspace\build\src\hotspot\src\share\vm\prims\jvm.cpp, line 1514]
Event: 1.806 Thread 0x000001acaa2bc000 Exception <a 'java/security/PrivilegedActionException'> (0x000000076c2c7428) thrown at [J:\jenkins\tmp\workspace\build\src\hotspot\src\share\vm\prims\jvm.cpp, line 1514]
Event: 1.806 Thread 0x000001acaa2bc000 Exception <a 'java/security/PrivilegedActionException'> (0x000000076c2c8820) thrown at [J:\jenkins\tmp\workspace\build\src\hotspot\src\share\vm\prims\jvm.cpp, line 1514]
Event: 1.806 Thread 0x000001acaa2bc000 Exception <a 'java/security/PrivilegedActionException'> (0x000000076c2c9be8) thrown at [J:\jenkins\tmp\workspace\build\src\hotspot\src\share\vm\prims\jvm.cpp, line 1514]

Events (10 events):
Event: 1.822 loading class org/lwjgl/openal/ALCdevice
Event: 1.822 loading class org/lwjgl/openal/ALCdevice done
Event: 1.823 loading class org/lwjgl/openal/ALCcontext
Event: 1.823 loading class org/lwjgl/openal/ALCcontext done
Event: 1.823 loading class java/nio/DirectIntBufferU
Event: 1.823 loading class java/nio/DirectIntBufferU done
Event: 1.823 loading class org/lwjgl/openal/Util
Event: 1.823 loading class org/lwjgl/openal/Util done
Event: 1.824 loading class org/lwjgl/openal/OpenALException
Event: 1.824 loading class org/lwjgl/openal/OpenALException done


Dynamic libraries:
0x00007ff6df800000 - 0x00007ff6df845000 	C:\Program Files\Eclipse Adoptium\jdk-8.0.362.9-hotspot\bin\javaw.exe
0x00007ff917fd0000 - 0x00007ff9181e4000 	C:\WINDOWS\SYSTEM32\ntdll.dll
0x00007ff9167c0000 - 0x00007ff916882000 	C:\WINDOWS\System32\KERNEL32.DLL
0x00007ff915a00000 - 0x00007ff915da3000 	C:\WINDOWS\System32\KERNELBASE.dll
0x00007ff9179d0000 - 0x00007ff917a7e000 	C:\WINDOWS\System32\ADVAPI32.dll
0x00007ff9170b0000 - 0x00007ff917157000 	C:\WINDOWS\System32\msvcrt.dll
0x00007ff916ec0000 - 0x00007ff916f64000 	C:\WINDOWS\System32\sechost.dll
0x00007ff915dd0000 - 0x00007ff915ee7000 	C:\WINDOWS\System32\RPCRT4.dll
0x00007ff916890000 - 0x00007ff916a3a000 	C:\WINDOWS\System32\USER32.dll
0x00007ff915570000 - 0x00007ff915596000 	C:\WINDOWS\System32\win32u.dll
0x00007ff917770000 - 0x00007ff917799000 	C:\WINDOWS\System32\GDI32.dll
0x00007ff9158e0000 - 0x00007ff9159f9000 	C:\WINDOWS\System32\gdi32full.dll
0x00007ff915660000 - 0x00007ff9156fa000 	C:\WINDOWS\System32\msvcp_win.dll
0x00007ff915450000 - 0x00007ff915561000 	C:\WINDOWS\System32\ucrtbase.dll
0x00007ff905520000 - 0x00007ff9057ae000 	C:\WINDOWS\WinSxS\amd64_microsoft.windows.common-controls_6595b64144ccf1df_6.0.22621.1635_none_270f70857386168e\COMCTL32.dll
0x00007ff917920000 - 0x00007ff917951000 	C:\WINDOWS\System32\IMM32.DLL
0x00007ff901cf0000 - 0x00007ff901d05000 	C:\Program Files\Eclipse Adoptium\jdk-8.0.362.9-hotspot\jre\bin\vcruntime140.dll
0x00007ff8b36f0000 - 0x00007ff8b378b000 	C:\Program Files\Eclipse Adoptium\jdk-8.0.362.9-hotspot\jre\bin\msvcp140.dll
0x0000000072cd0000 - 0x0000000073528000 	C:\Program Files\Eclipse Adoptium\jdk-8.0.362.9-hotspot\jre\bin\server\jvm.dll
0x00007ff915f50000 - 0x00007ff915f58000 	C:\WINDOWS\System32\PSAPI.DLL
0x00007ff903070000 - 0x00007ff903079000 	C:\WINDOWS\SYSTEM32\WSOCK32.dll
0x00007ff90ff30000 - 0x00007ff90ff3a000 	C:\WINDOWS\SYSTEM32\VERSION.dll
0x00007ff90fef0000 - 0x00007ff90ff24000 	C:\WINDOWS\SYSTEM32\WINMM.dll
0x00007ff917f10000 - 0x00007ff917f81000 	C:\WINDOWS\System32\WS2_32.dll
0x00007ff914410000 - 0x00007ff914428000 	C:\WINDOWS\SYSTEM32\kernel.appcore.dll
0x00007ff901dd0000 - 0x00007ff901de0000 	C:\Program Files\Eclipse Adoptium\jdk-8.0.362.9-hotspot\jre\bin\verify.dll
0x00007ff8f5ca0000 - 0x00007ff8f5ccb000 	C:\Program Files\Eclipse Adoptium\jdk-8.0.362.9-hotspot\jre\bin\java.dll
0x00007ff8f5c80000 - 0x00007ff8f5c98000 	C:\Program Files\Eclipse Adoptium\jdk-8.0.362.9-hotspot\jre\bin\zip.dll
0x00007ff915f60000 - 0x00007ff916759000 	C:\WINDOWS\System32\SHELL32.dll
0x00007ff9133c0000 - 0x00007ff913c8e000 	C:\WINDOWS\SYSTEM32\windows.storage.dll
0x00007ff917b80000 - 0x00007ff917f09000 	C:\WINDOWS\System32\combase.dll
0x00007ff913280000 - 0x00007ff9133be000 	C:\WINDOWS\SYSTEM32\wintypes.dll
0x00007ff917a80000 - 0x00007ff917b71000 	C:\WINDOWS\System32\SHCORE.dll
0x00007ff916760000 - 0x00007ff9167be000 	C:\WINDOWS\System32\shlwapi.dll
0x00007ff915300000 - 0x00007ff915326000 	C:\WINDOWS\SYSTEM32\profapi.dll
0x0000000065580000 - 0x0000000065616000 	C:\Users\JisatsuSCAF\AppData\Local\Temp\libgdxJisatsuSCAF\12dfaa03\gdx64.dll
0x00007ff914bf0000 - 0x00007ff914c0b000 	C:\WINDOWS\SYSTEM32\CRYPTSP.dll
0x00007ff914380000 - 0x00007ff9143b5000 	C:\WINDOWS\system32\rsaenh.dll
0x00007ff914a10000 - 0x00007ff914a3c000 	C:\WINDOWS\SYSTEM32\USERENV.dll
0x00007ff914d80000 - 0x00007ff914da8000 	C:\WINDOWS\SYSTEM32\bcrypt.dll
0x00007ff9153d0000 - 0x00007ff91544a000 	C:\WINDOWS\System32\bcryptprimitives.dll
0x00007ff914be0000 - 0x00007ff914bec000 	C:\WINDOWS\SYSTEM32\CRYPTBASE.dll
0x00007ff8f5bf0000 - 0x00007ff8f5c0c000 	C:\Program Files\Eclipse Adoptium\jdk-8.0.362.9-hotspot\jre\bin\net.dll
0x00007ff914900000 - 0x00007ff914969000 	C:\WINDOWS\system32\mswsock.dll
0x00007ff913ef0000 - 0x00007ff913f1d000 	C:\WINDOWS\SYSTEM32\IPHLPAPI.DLL
0x00007ff917160000 - 0x00007ff917169000 	C:\WINDOWS\System32\NSI.dll
0x00007ff90fa20000 - 0x00007ff90fa39000 	C:\WINDOWS\SYSTEM32\dhcpcsvc6.DLL
0x00007ff90f7a0000 - 0x00007ff90f7bf000 	C:\WINDOWS\SYSTEM32\dhcpcsvc.DLL
0x00007ff913f60000 - 0x00007ff914053000 	C:\WINDOWS\SYSTEM32\DNSAPI.dll
0x00007ff901df0000 - 0x00007ff901e03000 	C:\Program Files\Eclipse Adoptium\jdk-8.0.362.9-hotspot\jre\bin\nio.dll
0x0000000180000000 - 0x0000000180053000 	C:\Users\JisatsuSCAF\AppData\Local\Temp\libgdxJisatsuSCAF\dc0f0009\lwjgl64.dll
0x00007ff8b25e0000 - 0x00007ff8b26e0000 	C:\WINDOWS\SYSTEM32\OPENGL32.dll
0x00007ff901d10000 - 0x00007ff901d3d000 	C:\WINDOWS\SYSTEM32\GLU32.dll
0x00007ff912ae0000 - 0x00007ff912b18000 	C:\WINDOWS\SYSTEM32\dxcore.dll
0x000001accc140000 - 0x000001accc1a4000 	C:\Users\JISATS~1\AppData\Local\Temp\libgdxJisatsuSCAF\dc0f0009\OpenAL64.dll
0x00007ff917390000 - 0x00007ff91752c000 	C:\WINDOWS\System32\ole32.dll
0x00007ff9129f0000 - 0x00007ff912a9b000 	C:\WINDOWS\system32\uxtheme.dll
0x00007ff916f70000 - 0x00007ff917020000 	C:\WINDOWS\System32\clbcatq.dll
0x00007ff90d390000 - 0x00007ff90d432000 	C:\WINDOWS\SYSTEM32\dsound.dll
0x00007ff914b90000 - 0x00007ff914bdd000 	C:\WINDOWS\SYSTEM32\powrprof.dll
0x00007ff8d1aa0000 - 0x00007ff8d1ac9000 	C:\WINDOWS\SYSTEM32\winmmbase.dll
0x00007ff90d2d0000 - 0x00007ff90d381000 	C:\WINDOWS\SYSTEM32\ResampleDmo.DLL
0x00007ff917530000 - 0x00007ff917607000 	C:\WINDOWS\System32\OLEAUT32.dll
0x00007ff9106d0000 - 0x00007ff9106db000 	C:\WINDOWS\SYSTEM32\msdmo.dll
0x00007ff914a40000 - 0x00007ff914a53000 	C:\WINDOWS\SYSTEM32\UMPDC.dll
0x00007ff90edd0000 - 0x00007ff90ee6d000 	C:\WINDOWS\System32\MMDevApi.dll
0x00007ff915090000 - 0x00007ff9150bc000 	C:\WINDOWS\System32\DEVOBJ.dll
0x00007ff9150c0000 - 0x00007ff91510e000 	C:\WINDOWS\SYSTEM32\cfgmgr32.dll
0x00007ff9097a0000 - 0x00007ff90998c000 	C:\WINDOWS\SYSTEM32\AUDIOSES.DLL
0x00007ff90ef20000 - 0x00007ff90f14e000 	C:\WINDOWS\SYSTEM32\dbghelp.dll

VM Arguments:
jvm_args: -Duser.language=es_419 -Dfile.encoding=UTF-8 
java_command: org.uqbar.project.wollok.launch.WollokLauncher -requestsPort 0 -eventsPort 0 -folder -dontValidate -wf src/WollokKing.wpgm -darkMode
java_class_path (initial): C:\Users\JisatsuSCAF\Desktop\Objetos 1\tp\tpgame-polimorfiboys\bin;C:\Users\JisatsuSCAF\Desktop\Objetos 1\wollok-win32.win32.x86_64\plugins\com.ibm.icu_64.2.0.v20190507-1337.jar;C:\Users\JisatsuSCAF\Desktop\Objetos 1\wollok-win32.win32.x86_64\plugins\org.eclipse.xtext_2.20.0.v20191202-0915.jar;C:\Users\JisatsuSCAF\Desktop\Objetos 1\wollok-win32.win32.x86_64\plugins\org.eclipse.emf.ecore.xmi_2.16.0.v20190528-0725.jar;C:\Users\JisatsuSCAF\Desktop\Objetos 1\wollok-win32.win32.x86_64\plugins\org.eclipse.emf.ecore_2.20.0.v20190920-0401.jar;C:\Users\JisatsuSCAF\Desktop\Objetos 1\wollok-win32.win32.x86_64\plugins\org.eclipse.emf.common_2.17.0.v20190920-0401.jar;C:\Users\JisatsuSCAF\Desktop\Objetos 1\wollok-win32.win32.x86_64\plugins\org.antlr.runtime_3.2.0.v201101311130.jar;C:\Users\JisatsuSCAF\Desktop\Objetos 1\wollok-win32.win32.x86_64\plugins\com.google.inject_3.0.0.v201605172100.jar;C:\Users\JisatsuSCAF\Desktop\Objetos 1\wollok-win32.win32.x86_64\plugins\org.eclipse.emf.mwe.core_1.5.1.v20191121-1148.jar;C:\Users\JisatsuSCAF\Desktop\Objetos 1\wollok-win32.win32.x86_64\plugins\org.apache.commons.cli_1.2.0.v201404270220.jar;C:\Users\JisatsuSCAF\Desktop\Objetos 1\wollok-win32.win32.x86_64\plugins\org.eclipse.emf.mwe2.runtime_2.11.1.v20191121-1148.jar;C:\Users\JisatsuSCAF\Desktop\Objetos 1\wollok-win32.win32.x86_64\plugins\org.eclipse.emf.mwe.utils_1.5.1.v20191121-1148.jar;C:\Users\JisatsuSCAF\Desktop\Objetos 1\wollok-win32.win32.x86_64\plugins\org.eclipse.xtext.util_2.20.0.v20191202-0915.jar;C:\Users\JisatsuSCAF\Desktop\Objetos 1\wollok-win32.win32.x86_64\plugins\com.google.guava_27.1.0.v20190517-1946.jar;C:\Users\JisatsuSCAF\Desktop\Objetos 1\wollok-win32.win32.x86_64\plugins\javax.inject_1.0.0.v20091030.jar;C:\Users\JisatsuSCAF\Desktop\Objetos 1\wollok-win32.win32.x86_64\plugins\org.eclipse.xtext.generator_2.20.0.v20191202-0933.jar;C:\Users\JisatsuSCAF\Desktop\Objetos 1\wollok-win32.win32.x86_64\plugins\org.eclipse.xtext.xtext.generator_2.20.
Launcher Type: SUN_STANDARD

Environment Variables:
PATH=C:/Program Files/Java/jre-1.8/bin/server;C:/Program Files/Java/jre-1.8/bin;C:/Program Files/Java/jre-1.8/lib/amd64;C:\Program Files (x86)\Common Files\Oracle\Java\javapath;C:\Program Files\Eclipse Adoptium\jdk-11.0.19.7-hotspot\bin;C:\Program Files\Eclipse Adoptium\jdk-8.0.362.9-hotspot\bin;C:\Windows\system32;C:\Windows;C:\Windows\System32\Wbem;C:\Windows\System32\WindowsPowerShell\v1.0\;C:\Windows\System32\OpenSSH\;C:\Program Files (x86)\NVIDIA Corporation\PhysX\Common;C:\Program Files\NVIDIA Corporation\NVIDIA NvDLISR;C:\WINDOWS\system32;C:\WINDOWS;C:\WINDOWS\System32\Wbem;C:\WINDOWS\System32\WindowsPowerShell\v1.0\;C:\WINDOWS\System32\OpenSSH\;C:\Program Files\Git\cmd;C:\Users\JisatsuSCAF\AppData\Local\Microsoft\WindowsApps;;C:\Users\JisatsuSCAF\Desktop\Objetos 1\wollok-win32.win32.x86_64;
USERNAME=JisatsuSCAF
OS=Windows_NT
PROCESSOR_IDENTIFIER=AMD64 Family 23 Model 113 Stepping 0, AuthenticAMD



---------------  S Y S T E M  ---------------

OS: Windows 11 , 64 bit Build 22621 (10.0.22621.1928)

CPU:total 12 (initial active 12) (12 cores per cpu, 1 threads per core) family 23 model 113 stepping 0, cmov, cx8, fxsr, mmx, sse, sse2, sse3, ssse3, sse4.1, sse4.2, popcnt, avx, avx2, aes, clmul, mmxext, 3dnowpref, lzcnt, sse4a, tsc, tscinvbit, tscinv, bmi1

Memory: 4k page, physical 16685952k(7294524k free), swap 23894024k(3023104k free)

vm_info: OpenJDK 64-Bit Server VM (25.362-b09) for windows-amd64 JRE (1.8.0_362-b09), built on Jan 18 2023 17:11:58 by "jenkins" with MS VC++ 15.9 (VS2017)

time: Mon Jul  3 21:50:16 2023
timezone: Hora estándar de Argentina
elapsed time: 1.844901 seconds (0d 0h 0m 1s)

